0 info it worked if it ends with ok
1 verbose cli [ '/usr/bin/nodejs', '/usr/bin/npm', 'run', 'development' ]
2 info using npm@3.10.9
3 info using node@v6.9.2
4 verbose run-script [ 'predevelopment', 'development', 'postdevelopment' ]
5 info lifecycle prac@1.0.0~predevelopment: prac@1.0.0
6 silly lifecycle prac@1.0.0~predevelopment: no script for predevelopment, continuing
7 info lifecycle prac@1.0.0~development: prac@1.0.0
8 verbose lifecycle prac@1.0.0~development: unsafe-perm in lifecycle true
9 verbose lifecycle prac@1.0.0~development: PATH: /usr/lib/node_modules/npm/bin/node-gyp-bin:/home/ubuntu/prac/node_modules/.bin:/home/ubuntu/bin:/home/ubuntu/.local/bin:/usr/local/sbin:/usr/local/bin:/usr/sbin:/usr/bin:/sbin:/bin:/usr/games:/usr/local/games:/snap/bin
10 verbose lifecycle prac@1.0.0~development: CWD: /home/ubuntu/prac
11 silly lifecycle prac@1.0.0~development: Args: [ '-c', 'NODE_ENV=development node ./build/main.js' ]
12 silly lifecycle prac@1.0.0~development: Returned: code: 1  signal: null
13 info lifecycle prac@1.0.0~development: Failed to exec development script
14 verbose stack Error: prac@1.0.0 development: `NODE_ENV=development node ./build/main.js`
14 verbose stack Exit status 1
14 verbose stack     at EventEmitter.<anonymous> (/usr/lib/node_modules/npm/lib/utils/lifecycle.js:255:16)
14 verbose stack     at emitTwo (events.js:106:13)
14 verbose stack     at EventEmitter.emit (events.js:191:7)
14 verbose stack     at ChildProcess.<anonymous> (/usr/lib/node_modules/npm/lib/utils/spawn.js:40:14)
14 verbose stack     at emitTwo (events.js:106:13)
14 verbose stack     at ChildProcess.emit (events.js:191:7)
14 verbose stack     at maybeClose (internal/child_process.js:877:16)
14 verbose stack     at Process.ChildProcess._handle.onexit (internal/child_process.js:226:5)
15 verbose pkgid prac@1.0.0
16 verbose cwd /home/ubuntu/prac/server
17 error Linux 4.4.0-57-generic
18 error argv "/usr/bin/nodejs" "/usr/bin/npm" "run" "development"
19 error node v6.9.2
20 error npm  v3.10.9
21 error code ELIFECYCLE
22 error prac@1.0.0 development: `NODE_ENV=development node ./build/main.js`
22 error Exit status 1
23 error Failed at the prac@1.0.0 development script 'NODE_ENV=development node ./build/main.js'.
23 error Make sure you have the latest version of node.js and npm installed.
23 error If you do, this is most likely a problem with the prac package,
23 error not with npm itself.
23 error Tell the author that this fails on your system:
23 error     NODE_ENV=development node ./build/main.js
23 error You can get information on how to open an issue for this project with:
23 error     npm bugs prac
23 error Or if that isn't available, you can get their info via:
23 error     npm owner ls prac
23 error There is likely additional logging output above.
24 verbose exit [ 1, true ]
